5D40073CC556F2
8D40073C200815F2D37820EC22F4
8D40073C9904E3B5400754CDBCD4
5FE487990A9EBF
8FE48799589374A43F6205B74F19
8FE4879999107A3708B04DD6D39A
8D40073C9904E3B5400554D1A7D4
5FE487990A9EBF
5FE487990A9EBF
8DE4879999107A3708B44D5E076A
8DE4879999107A36E8B44CAF8EE6
8DE4879920501373CB5D200777C2
8DE48799589174A7576271CDAE7C
8DE4879999107936C8B04B280BB9
5DE487995D6419
8DE4879999107936C8B0492817A2
5DE487995D6419
8DE48799588D84AD5B6342AAF992
8D40073C60B9852073798E9A6F25
8D40073C9904E3B5480554BF05DC
8D40073C60B9851FD77961B4E1A1
5DE487995D6419
8DE48799588D10A0552BC77E8EAE
8DE487999910783668B0498465E8
8DE48799588BD0A1272BE224FE65
8DE487999910783628B048F169B3
8FE487995889B4B30964031D0561
8FE487999910783608B047FB5722
5FE487990A9EBF
8FE487999910783608B04604A32B
8FE48799588744B79164A16C3499
8FE48799588720A9A92D07D6BD4F
8FE4879999107735E8B0464C4612
8FE48799588710A9FF2D14030561
5FE487990A9EBF
8DE487995885A4B9AD64E98A3E4F
8DE4879999107735E8AC44543AF9
5DE487995D6419
8DE4879999107735C8AC45EEB2D9
5DE487995D6419
8DE4879999107735C8AC441146D0
5DE487995D6419
5DE487995D6419
8DE48799588304BE9D659417E5AA
8DE4879999107735A8AC42DEE686
8DE4879920501373CB5D200777C2
5DE487995D6419
8DE487999910763588A842A0A661
8DE48799588140B2ED2E48CB3139
8DE487999910763588AC41677873
8DE48799588120B3492E5324770C
8DE487999910763588A8415F4E73
8DE487999910763588A8415F4E73
8DE487999910763588A8435F5268
8DE4879920501373CB5D200777C2
8DE48799587FB4C2576614A1E033
8DE487999910763568A8437AD2BE
5DE487995D6419
5DE487995D6419
5DE487995D6419
8DE48799587D14C7F966D4C23C62
8DE487999910753508A83FB2A3C5
8DE487999910753508A83FB2A3C5
8DE487999910753508A83E4D57CC
8DE48799587B14CB13673EA8B073
8DE4879999107534E8A83FBCDE40
8DE487995879F0BD632FAE490067
8DE487995879C4CBDD675BEAADA9
8DE4879999107534C8A83E065660
8DE48799587990BEBD2FDC6BB0A0
8DE4879999107534C8A83E065660
5DE487995D6419
8DE4879999107434A8A83ECAD8D5
8DE487999910743488A83D704CEE
5DE487995D6419
8DE487999910743488A83D704CEE
8DE487999910743468A83CAA3831
8DE48799587740C32330755959E1
8DE487999910743468A43CE26231
5DE487995D6419
8DE48799587720C37F30800E9418
8DE487999910743448A43CA71E18
8DE487999910743448A43CA71E18
8DE487995875C0C45F30A0551A5C
8DE48799587590C52930B94DA53F
8DE48799587530C67B30E89AEB72
8DE48799587500C70D30FEDE1E19
8DE487999910753408A43C2EEC84
02E18E3BC8C19A
8DE487995873A4D61368BDEC4B19
8FE487995E71E0CAD3318282E5EE
02E18E1DC92407
5D40073CC556F2
8FE4879999907433889838A3CBEE
5FE487990A9EBF
8FE4879999907333889438E2A584
8FE4879999907333689038FF1352
5FE487990A9EBF
8FE4879999907333689038FF1352
8FE487995E6F90CF3B321DF130F4
8FE4879999907333689438C72552
8FE487999990733348943882597B
5D40073CC556F2
8FE487995E6F60CFF132330C86D9
8D40073C60B984F0376CEB4ED529
8FE4879999907333489838CA037B
8D40073C60B984EF976CBF2ED320
5DE487995D6419
8DE48799586F10D0ED3258536811
8DE4879999907333289838B565F0
5D40073CC556F2
8DE48799586DE0D1A1326E56F6DD
8D40073C60B980E15534FBEE3A5A
02E18D9DDC3447
8DE4879920501373CB5D200777C2
8DE48799586DB0D241328707AEEB
8DE4879999907333289C3772F3B8
8D40073C9904E3B52007540238AF
8DE48799586D80D2F7329EF7FA64
8DE48799991073330898359E62F5
8D40073C9904E3B5000754474486
8DE48799991073330898379E7EEE
8DE48799586D14E1ED6A5B4D7D23
8D40073C9904E3B508075429E68E
5DE487995D6419
5DE487995D6419
8DE4879999106F32489832E46678
8D40073C9904E4B5000554526BEC
02E61718D4ECFE
5D40073CC556F2
8D40073C60B980B64329B129E47E
02E61718D4ECFE
5D40073CC556F2
8D40073C60B980B59929859C48B0
5D40073CC556F2
8D40073C9904E4B50809547493E4
8D40073C60B984C2A960F4E48158
8D40073C200815F2D37820EC22F4
5D40073CC556F2
8D40073C9904E4B5000554526BEC
5D40073CC556F2
8D40073C60B984C14F609C93CD41
5D40073CC556F2
8D40073C9904E4B50805543CC9E4
8D40073C60B980B23D28A2278F9D
8D40073C9904E4B50805543CC9E4
5D40073CC556F2
8D40073C9904E4B508075420D2E4
8D40073C60B980B1A328762ACE15
5D40073CC556F2
8D40073C60B984BF3160165CBAAB
8D40073C9904E4B50007544E70EC
8D40073C60B984BECD5FEBA8B820
8D40073C60B980B057281ACCAC0E
8D40073C60B984BE1F5FBEF207CA
8D40073C9904E4B50805543CC9E4
5D40073CC556F2
8D40073C60B980AFA327ED6F24A3
8D40073C9904E4B50007544E70EC
8D40073C9904E3B50005545B5F86
8D40073C60B984BCBB5F65C629EA
5D40073CC556F2
8D40073C9904E4B5000554526BEC
8D40073C9904E4B5000554526BEC
8D40073C60B984BC195F3971D20E
8D40073C60B984BB715F0D021F9A
8D40073C9904E4B5000554526BEC
5D40073CC556F2
8D40073C60B980ACF527396C3BDC
8D40073C60B984BACD5EDF0859B2
8D40073C9904E4B50809547493E4
5D40073CC556F2
8D40073C60B980AC51270C0AFF0B
8D40073C9904E4B5080B546888E4
8D40073C60B980AB9B26DD396736
8D40073C9904E4B508075420D2E4
8D40073C9904E4B508075420D2E4
8D40073C60B984B8D75E5C0F035C
5D40073CC556F2
8D40073C60B984B82D5E2F7F870A
8D40073C9904E4B528075465AECD
8D40073C60B984B77F5E0341F608
5D40073CC556F2
8D40073C9904E4B508075420D2E4
8D40073C9904E3B52805547081A7
5D40073CC556F2
5D40073CC556F2
5D40073CC556F2
5D40073CC556F2
8D40073C9904E4B528055479B5CD
5D40073CC556F2
8D40073C60B984AECB5BC0FDE743
5D40073CC556F2
8D40073C60B984AE195B9458ACA0
8D40073C60B9809DEB235622A2FD
5D40073CC556F2
8D40073C9904E4B52007540B0CC5
5D40073CC556F2
8D40073C60B9809C8F22FB06FC72
8D40073C60B9809B8122A06BAE83
8D40073C9904E4B52007540B0CC5
8D40073C60B984A95F5A5DD85388
5D40073CC556F2
8D40073C9904E4B52005541717C5
5D40073CC556F2
8D40073C9904E4B528075465AECD
8D40073C60B980994122185AFF1E
8D40073C60B98097332191E112A9
5D40073CC556F2
8D40073C9904E4B5400554D893BE
5D40073CC556F2
8D40073C9904E4B5400554D893BE
8D40073C60B98095EB21369CE5BC
8D40073C9904E4B5400754C488BE
8D40073C9904E4B5400754C488BE
8D40073C60B984A37F58CC8EC287
8D40073C9904E4B5480554B631B6
8D40073C9904E4B5400754C488BE
8D40073C9904E4B5480754AA2AB6
8D40073C9904E5B5400554DB9970
8D40073C60B9849D75573AC3BA67
8D40073C60B9849CCD570EF5C0F6
5D40073CC556F2
8D40073C60B9849C1B56E1906847
8D40073C60B9808D131EE895B578
5D40073CC556F2
8D40073C60B984998B562ED8050D
8D40073C9904E5B5480754A92078
8D40073C9904E5B5480654A72DF8
5D40073CC556F2
8D40073C60B984977F55A85AB5D9
8D40073C9904E5B5400754C78270
5D40073CC556F2
5D40073CC556F2
8D40073C60B98494FD54F725D073
8D40073C60B98085231CC8B04960
8D40073C60B98492F3546F981263
8D40073C60B984919B541747E181
8D40073C60B98490F753EBD5A7B7
8D40073C9904E5B5400554DB9970
8D40073C60B98080611B89734646
8D40073C9904E5B5400554DB9970
8D40073C60B9807E5F1B00C8A48B
5D40073CC556F2
8D40073C60B9807DB11AD4D928E8
8D40073C9904E5B5680554F04751
5D40073CC556F2
5D40073CC556F2
8D40073C60B984885951A5389F26
5D40073CC556F2
5D40073CC556F2
8D40073C9904E5B5400754C78270
5D40073CC556F2
5D40073CC556F2
8D40073C60B98480714F8D06774A
8D40073C200815F2D37820EC22F4
5D40073CC556F2
8D40073C60B9847FBF4F5E6DA3DD
8D40073C9904E5B5680754EC5C51
5D40073CC556F2
5D40073CC556F2
8D40073C9904E5B560075482FE59
5D40073CC556F2
8D40073C9904E5B56005549EE559
8D40073C60B984768B4CEE5D180A
8D40073C9904E5B5680554F04751
5D40073CC556F2
8D40073C200815F2D37820EC22F4
8D40073C60B98066DD14C987925B
8D40073C60B980669314C94F3187
8D40073C9904E5B5400554DB9970
8D40073C60B98065E3149B2289BA
8D40073C60B98474EF4C930F2988
8D40073C60B98474934C67418611
8D40073C60B98473D94C3B6EAD92
8D40073C9904E5B56005549EE559
8D40073C9904E5B56005549EE559
5D40073CC556F2