5D34114A26B4B8
5D34114A26B4B8
8D34114A68B984B9D35E8C8BA571
8D34114A9914DFB3E00455E0FCA4
8D34114A9914DFB3E804558E5EAC
5D34114A26B4B8
8D34114A9914DFB3E00455E0FCA4
8D34114A68B984AD2F5B3A0A96D9
8D34114A68B984AB615AC031FFD0
5D34114A26B4B8
8D34114A9914DFB3E804558E5EAC
8D34114A9914DFB3E804558E5EAC
8D34114A68B984A689597BB562D6
8D34114A68B984A3E358C983D20B
5D34114A26B4B8
8D34114A68B980930B20572EBEDB
5D34114A26B4B8
5D34114A26B4B8
8D34114A68B9808E831F26484153
8D34114A9914DFB4000455168ECB
8D34114A68B9808D751EDF1456CB
8D34114A9914E0B408045538BBF9
8D34114A68B9808C251E876B040E
8D34114A68B9808BCF1E71EDFC0E
8D34114A9914E0B40004555619F1
5D34114A26B4B8
02E1971878C76B
02E1971878C76B
02E19717876723
5D34114A26B4B8
8D34114A68B974985155BE5B0008
5D34114A26B4B8
02E1971878C76B
5D34114A26B4B8
8D34114A68B980881F1D793E25F8
8D34114A9914E0B42804557DC7D0
02E1971878C76B
02E1971878C76B
8D34114A68B984955554F6AC6CA7
8D34114A9914E0B42004551365D8
5D34114A26B4B8
8D34114A68B98493755478164DE5
8D34114A9914E0B42804557DC7D0
8D34114A9914E0B42804557DC7D0
8D34114A9914E0B42004551365D8
5D34114A26B4B8
02E1971878C76B
8D34114A9914E0B42004551365D8
8D34114A9914E0B42004551365D8
02E1971878C76B
5D34114A26B4B8
02E1971878C76B
8D34114A9914E0B42804557DC7D0
02E1971878C76B
02E1971878C76B
02E1971878C76B
8F34114A68B9807DF91ACE1173EF
8F34114A9914E0B4280455CD2520
02E1971878C76B
02E1971878C76B
8F34114A68B9807B451A17395280
8F34114A9914E0B4280455CD2520
02E19717876723
8F34114A68B98489FD51FBA4F1FE
02E1971878C76B
8D34114A68B984867B510FA49EF3
02E1951F4B950C
02E1971878C76B
8DE488099910923600044FB0B29B
02E1951F4B950C
8D34114A9914E0B4480455B243AB
02E1951F4B950C
5D34114A26B4B8
02E1971878C76B
02E1971878C76B
5DE4880900CE81
5DE4880900CE81
02E1951F4B950C
5D34114A26B4B8
02E1971878C76B
02E1971878C76B
8DE4880958A9F0459516AC9A9A89
8D34114A9914E0B4480455B243AB
8D34114A68B980723917B709F025
8DE488099990923620044F6409CD
8D34114A68B97070091724D7E919
8D34114A9914E0B4400455DCE1A3
8DE4880958A9F048B31731215E63
8DE488099990923620044F6409CD
02E19717876723
02E1971878C76B
8D34114A68B9747E094ED79BAE12
8D34114A68B9747DB74EC1D70A08
8D34114A68B9706E1F16A33757BB
8D34114A9914E1B4400455DFEB6D
8D34114A68B9706D331665537EE6
8D34114A9914E0B4400455DCE1A3
8D34114A68B9806CDF164E137C08
02E1971878C76B
8D34114A68B9806C8916386ABFE9
8D34114A9914E1B4400455DFEB6D
8D34114A9914E1B4400455DFEB6D
8D34114A68B9847B3F4E1B467FE1
5D34114A26B4B8
8F34114A9914E0B448045502A15B
5F34114A714E1E
8F34114A9914E0B448045502A15B
5F34114A714E1E
8D34114A68B98062B313A2EE2DCE
02E1971878C76B
02E19530B5F4F4
8DE4880958AB046DE152B62B0729
8DE488099910923628044F9B6CBA
5DE4880900CE81
02E19530B5F4F4
8DE4880958AB005EC31AD234CECF
5DE4880900CE81
02E19530B5F4F4
8DE488099910923628044F9B6CBA
8DE4880920501373CF2CA0D66C38
02E19530B5F4F4
5DE4880900CE81
8DE4880958A9F47A1754B9B4E137
5DE4880900CE81
8DE4880958A9F06B991CED8B1EC8
5DE4880900CE81
8DE4880958A9F06D291D2F0BB98D
8DE4880920501373CF2CA0D66C38
8DE4880958A9E06EF31D7B8CFB73
8DE4880958A9C47EE55582593989
8DE488099910943748C451F00799
8DE488099910943748C451F00799
8DE4880958A5D075711E8CDA80B1
8DE488099910953788CC51E39DA8
8DE4880999109637A8D450CCBEDA
8DE4880999109637C8E450DDA6A8
8DE4880999109637E8E8512F7488
8DE4880958A3D0780B1EF8A50E97
8DE4880958A38487D756FA0177A9
8DE488099910973808EC50BDD0B1
8DE4880958A32488E55726E0E151
8DE488099910973828E04F4FB608
8DE4880958A3007A2F1F53FF07FB
8DE488099910983828DC4FC8121B
8DE4880958A1E07A871F620CC972
8DE488099910983828D84FF0241B
5DE4880900CE81
8DE4880958A1C489F75754C38FE7
8DE488099910983848D44F77FA60
5DE4880900CE81
8DE488099910983848C84E208C69
5DE4880900CE81
8DE48809589FE48C4957B58D9649
8DE488099910983848C04E50E069
8DE48809589FC48C9557C2F5F646
8DE48809589F648DB757F29A341F
8DE488099910983848B44ECAC272
8DE488099910983848B04D0D1C60
8DE488099910983828A04D22401B
5DE4880900CE81
8DE4880999109838289C4DB48612
02E61399B0A702
5DE4880900CE81
8DE48809589D30833D20D1C0BA0F
8DE488099910973808984BD88A0C
5DE4880900CE81
8DE488099910963788984B426847
02E6131C486DFD
5DE4880900CE81
8DE488099910963768984967F48A
5DE4880900CE81
8DE488099910953728984A17FB98
02E612B3BF0745
8DE4880999109436E8944A17AAFA
5DE4880900CE81
5DE4880900CE81
8DE48809589524A1255B26F4BDF5
8DE4880999109236486048D1C2FE
5DE4880900CE81
8DE4880999109135E8BC49D54CE2
8DE48809589194A6A15C0CD181D1
8DE48809589174A6F75C1B8C8DA0
8DE4880999109135E8BC47D518A3
8DE4880920501373CF2CA0D66C38
5DE4880900CE81
5DE4880900CE81
8DE48809589124A8055C47C6C41D
8DE48809588FF4A8C95C664C9B95
8DE48809588FE4A9215C75E3E032
8DE4880999109135C89046198E8A
5DE4880900CE81
8DE48809588FC4A9755C84180475
8DE48809588FB09B6124CD2B5635
8DE4880999109135A884460EE4F1
02E191B7751410
8DE48809588F74AADB5CBF5CFFB5
8DE4880999109035888C4638FE16
5DE4880900CE81
8DE4880999109035689044B5E0DB
8DE48809588DF09DCF2533E28C71
80E1919E588DE4AC5D5CFFDB28E9
02E1919B749DFA
5DE4880900CE81
8DE48809588D74AE675D5239888F
8DE4880999108F35289445D9147A
8DE48809588D20A0FD25B9F543EE
8DE48809588D14AFC35D8DD2732C
5DE4880900CE81
8DE4880999108E35089444609694
02E1913B725A8A
5DE4880900CE81
8DE48809588B64B25D5DF993A353
8DE4880999108D34E8904453C243
8DE48809588B40A4592644B7B30E
02E6111BABA6D9
02E191188C7328
8DE488095885E4BB5D5F711196F7
5DE4880900CE81
8DE4880999108A33A8943FC6F0B4
8DE4880999108A3388943E7C7894
5DE4880900CE81
8DE4880999108A3388943E7C7894
8DE48809587F90B8ED29A0915988
8DE488099910883348903DDD4FE5
8DE48809587F60B99F29BC5AB119
8DE48809587F50B9EF29CA1B0277
8DE488099910883328903D12CB9E
8DE488095879A0C3B52B60C36A92
5DE4880900CE81
8D34314758C384F17944295818C7
8DE4880999108430A88C353847E2
5D343147E74CE2
8DE488099910812FA8903153F921
8D34314758C384DE4B3DB00C15ED
02E61838FB57B5
8D34314758C380C27B00934EC631
8D34314758C380C2290078F80E9F
8D34314758C380C191004499FEC4
8D34314758C380C27B00934EC631
8D34314758C380C2290078F80E9F
8D34314758C380C191004499FEC4
8D34314758C380C0A8FFF64E3EEB
8D343147990507AFC80758C819E4
8D34314720045070D31820A18106
5D343147E74CE2
5D343147E74CE2
5D343147E74CE2
5D343147E74CE2
8D343147990507AFC00558BAA0EC
8D34314758C380BBE2FE5AA5C03E
5D343147E74CE2
02E19838236A56
8D34314758C384C8F7367FF943DC
8D343147990508AFC00758B7D9F6
5D343147E74CE2
8D34314758C384C863364DF86F16
8D34314720045070D31820A18106
8D343147990507AFE80558917ECD
5D343147E74CE2
8D34314758C380B2D6FB4CB7B5B4
5D343147E74CE2
8D34314758C380B238FB16D36123
5D343147E74CE2
5D343147E74CE2
5D343147E74CE2
5D343147E74CE2
8D34314758C380AAF8F8A347B771
8D343147990508AFE80558801CD7
8D34314720045070D31820A18106
8D34314758C384B8F33116D9632E
8D343147990508AFE00758F2A5DF
8D34314758C384B7393080B6B6C6
02E19838236A56
8D34314758C380A800F7A2239390
8D343147990508AFE00958A6E4DF
8D34314720045070D31820A18106
5D343147E74CE2
8D34314758C380A464F66ADE557E
5D343147E74CE2
8D34314758C384B26D2EE2E49454
8D34314758C380A3CCF63730A2A0
8D34314758C380A306F5F4CC2FE7
5D343147E74CE2
5D343147E74CE2
8D343147990508AFC00758B7D9F6
5DE48F6928ACD1
5DE48F6928ACD1
8DE48F6999109336C83056C335EA
5DE48F6928ACD1
8DE48F6958B1D47EE54EE78A8526
8DE48F699910953748A455D6E486
5DE48F6928ACD1
8DE48F699910963788A855FB5D2B
5DE48F6928ACD1
8DE48F6958B12481254F47B9980C
8DE48F699910963788A85604B539
8DE48F6958AFF072611754EB5E29
8FE48F6920501373CF2D20089874
8D343147990508AFE807589C07D7
5D343147E74CE2
8D343147990508AFE80558801CD7
8D343147990508AFE80558801CD7
5D343147E74CE2
8D34314758C38092A0F06A6A751B
5FE48F697F5677
8D34314758C380922EF0433C6FED
8D343147990508AFE00758F2A5DF
8D34314758C384A05D28C94EEB2E
8D343147990508AFE00558EEBEDF
8D343147990508AFE00558EEBEDF
8D343147990508AFE00758F2A5DF
8FE48F6958AD148721504202D80B
8FE48F699910963828F454BCD56C
8D34314758C3849ED128439DC837
5FE48F697F5677
8D34314758C3808FDEEF7BE4B10A
8D34314720045070D31820A18106
5DE48F6928ACD1
8DE48F6958A9D07A6F18A8092A93
8DE48F699910983868F857231508
5D343147E74CE2
5DE48F6928ACD1
8DE48F6958A9848A6B50CA0FE7B2
8DE48F6999109838A8EC559B1BEC
8D34314758C3849C732776DA4340
8D343147990508AFE00758F2A5DF
02E194BF43589C
5D343147E74CE2
8D343147990508B00007581B000A
8DE48F6999109938C8B45244796F
8DE48F6999109938C8B05183A77D
80E1949558A55490D151DAF70CD1
8DE48F6958A51082F31A0CD9C136
8DE48F6999109938A8A051ACFB06
5DE48F6928ACD1
8DE48F6958A35085391A6EE1E0C6
02E19433441606
8DE48F6958A304954F529768E0E7
8DE48F699910973868E4519AD13F
5DE48F6928ACD1
8DE48F699910973888F050984BE0
5DE48F6928ACD1
8DE48F699910973888F050984BE0
5DE48F6928ACD1
8DE48F699910983888E84E192963
8DE48F69589F849955534034492A
5DE48F6928ACD1
8DE48F69589F74998F5349EAAA83
8DE48F6999109838A8D44F35674A
8DE48F69589F108BB31B7D616E0F
8DE48F699910973868984F702BBD
8DE48F69589D008F891C1ED1377F
8DE48F699910973848904EBACF9D
8DE48F6920501373CF2D20B87A84
8DE48F69589B54A1095481D71A9B
02E193356E12AB
02E193356E12AB
8DE48F699910963808944DF4E313
8DE48F695899F4A29354C01B52D4
5DE48F6928ACD1
80E19317589974A4495508739020
5DE48F6928ACD1
8DE48F695897E4A68555681524B1
8DE48F699910953788944C97E0CD
8DE48F695897B098B51D9C1DEE33
8DE48F69589794A78D5591391DE7
8DE48F699910953768944CB2601B
5DE48F6928ACD1
8DE48F699910953748984B409616
8DE48F695897209AD11DF50538B6
8DE48F6999109537489C4B78A016
8DE48F6999109537489C4B78A016
8DE48F6999109437289C4BB42EA3
5DE48F6928ACD1
5DE48F6928ACD1
8FE48F699910943708984C86565E
5FE48F697F5677
8FE48F6999109436C89C4AF545DF
8FE48F69589394AEBD56C1A0218E
8FE48F69589360A1211EFEAAE5B4
8FE48F6999109336A89C4A33F5CE
8FE48F6999109336889C4A7689E7
8FE48F69589320A21D1F29202228
8FE48F69589300A27B1F385D12C4
8FE48F6999109336889C498961F5
8DE48F69589154B35757828468D1
8DE48F6999109236489C495A7534
5DE48F6928ACD1
8DE48F69589144B341577FBF613C
8DE48F6999109236289C4995F14F
8DE48F6999109236289C486A0546
8DE48F6999109236289C486A0546
5DE48F6928ACD1
8DE48F6999109236289C486A0546
8DE48F6999109236089C482F796F
5DE48F6928ACD1
8DE48F69588F64B68D580A01F40C
5DE48F6928ACD1
8DE48F69588F00A9C5206BA984EF
8DE48F6999109135E898484BD71E
8DE48F69588DE0AA172079BFAED0
80E1919C588DC4B8CD5868A0BEEB
8DE48F6999109135C898480EAB37
8DE48F69588D94B98358853488A6
8DE48F6999109135A898473E8F04
8DE48F6920501373CF2D20B87A84
8DE48F6999109135A89846C17B0D
8DE48F6999109135A89846C17B0D
8DE48F69588D40AC8920DF2F939D
8DE48F69991091358898477BF32D
8DE48F69991091358898477BF32D
8DE48F69588D00AD1920F80F8C67
5DE48F6928ACD1
8DE48F69588B84BD375923D89A30
8DE48F6920501373CF2D20B87A84
02E61135AA3448
5DE48F6928ACD1
8DE48F6999108F3528984409A78F
8DE48F69588994C0C559B8021D92
8DE48F6920501373CF2D20B87A84
02E611185449AB
8DE48F6999108F350898444CDBA6
02E61115ABF5F8
8DE48F69588940B3D12213E90E74
8DE48F695887E4C33F5A1FE3BB9C
5DE48F6928ACD1
8DE48F6999108E34C8984404D0C4
5DE48F6928ACD1
8DE48F695885E0B88B22DA8AFA3A
8DE48F695885B4C74D5AC8593428
8DE48F6999108D34A894428635C0
8DE48F69588574C84B5AF4BF683D
02E610965D16AA
02E610925D2E9C
5DE48F6928ACD1
02E6103FA455BF
5DE48F6928ACD1
8DE48F6920501373CF2D20B87A84
8DE48F6999108D344894415C5D04
02E6103BA46D89
8DE48F69588394CB335B6DAED368
8DE48F6999108C3428944190D3B1
8DE48F695881A4CED15C0578AC12
8DE48F69588190C14B24463AC77C
8FE48F695E79A4DC9D5E475C79A2
8FE48F6999908932C8983CD61CAF
5D405BFDEA2D49
8D405BFD994510B1A00456436400
8D405BFD994510B1A804562DC608
5D405BFDEA2D49
8D405BFD994510B1A00456436400
5D405BFDEA2D49
8D405BFD994510B1A00456436400
5D405BFDEA2D49
8D405BFD994510B1A00456436400
8D405BFD58B984C78F339A96C89C
8D405BFD994510B1A804562DC608
5D405BFDEA2D49
5D405BFDEA2D49
8D405BFD58B984BC152FC06381C3
8D405BFD200815F2D358206A347A
8D405BFD994511B1A00456406ECE
5D405BFDEA2D49
5D3C6504D1E38A
8D405BFD58B980A3ACF3C1602B1A
5D405BFDEA2D49
8D405BFD58B980A30AF38BE0450F
8D405BFD994512B1E00456CF89CE
5D405BFDEA2D49
8D405BFD58B9849D23255A17261F
5D405BFDEA2D49
8F3C650458C3848677677EFB11DD
8D405BFD994512B200045569E6FF
8D405BFD58B9808A34EB3258B4E8
8F3C65049914C7B4C00457EACC63
8D405BFD994512B20804550744F7
5D405BFDEA2D49
